<?xml version="1.0" encoding="UTF-8"?>
<!-- Generated by org.testng.reporters.JUnitXMLReporter -->
<testsuite ignored="0" hostname="LP-TZD-0X139842" failures="0" tests="3" name="Default test" time="29.178" errors="0" timestamp="2025-12-29T12:36:19 IST">
  <testcase classname="datadriventestingusingTestNg.Data_Driven_Testing" name="Browser" time="8.824"/>
  <testcase classname="datadriventestingusingTestNg.Data_Driven_Testing" name="Browser" time="11.165"/>
  <testcase classname="datadriventestingusingTestNg.Data_Driven_Testing" name="Browser" time="7.534"/>
</testsuite> <!-- Default test -->
