<?xml version="1.0" encoding="UTF-8"?>
<!-- Generated by org.testng.reporters.JUnitReportReporter -->
<testsuite hostname="LP-TZD-0X139842" failures="0" tests="3" name="datadriventestingusingTestNg.Data_Driven_Testing" time="29.091" errors="0" timestamp="2025-12-29T12:36:19 IST" skipped="0">
  <testcase classname="datadriventestingusingTestNg.Data_Driven_Testing" name="Browser" time="7.961"/>
  <testcase classname="datadriventestingusingTestNg.Data_Driven_Testing" name="Browser" time="11.647"/>
  <testcase classname="datadriventestingusingTestNg.Data_Driven_Testing" name="Browser" time="9.483"/>
</testsuite> <!-- datadriventestingusingTestNg.Data_Driven_Testing -->
